<?xml version="1.0" encoding="UTF-8"?>
<!-- Generated by org.testng.reporters.JUnitXMLReporter -->
<testsuite ignored="0" hostname="DESKTOP-A0AU9OO" failures="0" tests="4" name="Default test" time="0.135" errors="0" timestamp="2023-12-21T15:28:30 IST">
  <testcase classname="TestNGKeyWords.MixedKeyWords" name="a" time="0.017"/>
  <testcase classname="TestNGKeyWords.MixedKeyWords" name="b" time="0.002"/>
  <testcase classname="TestNGKeyWords.MixedKeyWords" name="d" time="0.006"/>
  <testcase classname="TestNGKeyWords.MixedKeyWords" name="c" time="0.009"/>
</testsuite> <!-- Default test -->
