<?xml version="1.0" encoding="UTF-8"?>
<!-- Generated by org.testng.reporters.JUnitXMLReporter -->
<testsuite ignored="0" hostname="DESKTOP-A0AU9OO" failures="0" tests="5" name="Test" time="0.142" errors="0" timestamp="2023-12-23T14:36:17 IST">
  <testcase classname="testNGxmlUse.TestClass3" name="TC1" time="0.016"/>
  <testcase classname="testNGxmlUse.TestClass3" name="TC2" time="0.005"/>
  <testcase classname="testNGxmlUse.TestClass3" name="TC3" time="0.003"/>
  <testcase classname="testNGxmlUse.TestClass3" name="TC4" time="0.006"/>
  <testcase classname="testNGxmlUse.TestClass3" name="TC5" time="0.002"/>
</testsuite> <!-- Test -->
